c:\users\timch\documents\unreal projects\exercise9\exercise9\debug\vc142.pdb
c:\users\timch\documents\unreal projects\exercise9\exercise9\debug\vc142.idb
c:\users\timch\documents\unreal projects\exercise9\exercise9\debug\card.xdc
c:\users\timch\documents\unreal projects\exercise9\exercise9\debug\deck.xdc
c:\users\timch\documents\unreal projects\exercise9\exercise9\debug\exercise9.xdc
c:\users\timch\documents\unreal projects\exercise9\exercise9\debug\random.xdc
c:\users\timch\documents\unreal projects\exercise9\exercise9\debug\random.obj
c:\users\timch\documents\unreal projects\exercise9\exercise9\debug\exercise9.obj
c:\users\timch\documents\unreal projects\exercise9\exercise9\debug\deck.obj
c:\users\timch\documents\unreal projects\exercise9\exercise9\debug\card.obj
c:\users\timch\documents\unreal projects\exercise9\exercise9\debug\exercise9.ilk
c:\users\timch\documents\unreal projects\exercise9\debug\exercise9.exe
c:\users\timch\documents\unreal projects\exercise9\debug\exercise9.pdb
c:\users\timch\documents\unreal projects\exercise9\debug\exercise9.xml
c:\users\timch\documents\unreal projects\exercise9\exercise9\debug\exercise9.tlog\cl.command.1.tlog
c:\users\timch\documents\unreal projects\exercise9\exercise9\debug\exercise9.tlog\cl.read.1.tlog
c:\users\timch\documents\unreal projects\exercise9\exercise9\debug\exercise9.tlog\cl.write.1.tlog
c:\users\timch\documents\unreal projects\exercise9\exercise9\debug\exercise9.tlog\link.command.1.tlog
c:\users\timch\documents\unreal projects\exercise9\exercise9\debug\exercise9.tlog\link.read.1.tlog
c:\users\timch\documents\unreal projects\exercise9\exercise9\debug\exercise9.tlog\link.write.1.tlog
c:\users\timch\documents\unreal projects\exercise9\exercise9\debug\exercise9.tlog\xdcmake.command.1.tlog
c:\users\timch\documents\unreal projects\exercise9\exercise9\debug\exercise9.tlog\xdcmake.read.1.tlog
c:\users\timch\documents\unreal projects\exercise9\exercise9\debug\exercise9.tlog\xdcmake.write.1.tlog
