c:\users\timch\documents\unreal projects\exercise8\exercise8\debug\vc142.pdb
c:\users\timch\documents\unreal projects\exercise8\exercise8\debug\vc142.idb
c:\users\timch\documents\unreal projects\exercise8\exercise8\debug\die.xdc
c:\users\timch\documents\unreal projects\exercise8\exercise8\debug\exercise8.xdc
c:\users\timch\documents\unreal projects\exercise8\exercise8\debug\random.xdc
c:\users\timch\documents\unreal projects\exercise8\exercise8\debug\random.obj
c:\users\timch\documents\unreal projects\exercise8\exercise8\debug\exercise8.obj
c:\users\timch\documents\unreal projects\exercise8\exercise8\debug\die.obj
c:\users\timch\documents\unreal projects\exercise8\exercise8\debug\exercise8.ilk
c:\users\timch\documents\unreal projects\exercise8\debug\exercise8.exe
c:\users\timch\documents\unreal projects\exercise8\debug\exercise8.pdb
c:\users\timch\documents\unreal projects\exercise8\debug\exercise8.xml
c:\users\timch\documents\unreal projects\exercise8\exercise8\debug\exercise8.tlog\cl.command.1.tlog
c:\users\timch\documents\unreal projects\exercise8\exercise8\debug\exercise8.tlog\cl.read.1.tlog
c:\users\timch\documents\unreal projects\exercise8\exercise8\debug\exercise8.tlog\cl.write.1.tlog
c:\users\timch\documents\unreal projects\exercise8\exercise8\debug\exercise8.tlog\link.command.1.tlog
c:\users\timch\documents\unreal projects\exercise8\exercise8\debug\exercise8.tlog\link.read.1.tlog
c:\users\timch\documents\unreal projects\exercise8\exercise8\debug\exercise8.tlog\link.write.1.tlog
c:\users\timch\documents\unreal projects\exercise8\exercise8\debug\exercise8.tlog\xdcmake.command.1.tlog
c:\users\timch\documents\unreal projects\exercise8\exercise8\debug\exercise8.tlog\xdcmake.read.1.tlog
c:\users\timch\documents\unreal projects\exercise8\exercise8\debug\exercise8.tlog\xdcmake.write.1.tlog
