  Creating makefile for SpawnAndDestroyEditor (no existing makefile)
  Parsing headers for SpawnAndDestroyEditor
    Running UnrealHeaderTool "C:\Users\timch\Documents\Unreal Projects\SpawnAndDestroy\SpawnAndDestroy.uproject" "C:\Users\timch\Documents\Unreal Projects\SpawnAndDestroy\Intermediate\Build\Win64\SpawnAndDestroyEditor\Development\SpawnAndDestroyEditor.uhtmanifest" -LogCmds="loginit warning, logexit warning, logdatabase error" -Unattended -WarningsAsErrors -abslog="C:\Users\timch\AppData\Local\UnrealBuildTool\Log_UHT.txt" -installed
  Reflection code generated for SpawnAndDestroyEditor in 4.4830139 seconds
  Building SpawnAndDestroyEditor...
  Using Visual Studio 2019 14.28.29910 toolchain (C:\Program Files (x86)\Microsoft Visual Studio\2019\Community\VC\Tools\MSVC\14.28.29910) and Windows 10.0.18362.0 SDK (C:\Program Files (x86)\Windows Kits\10).
  Building 13 actions with 8 processes...
    [1/13] Default.rc2
    [2/13] SharedPCH.Engine.ShadowErrors.cpp
    [3/13] SpawnAndDestroy.cpp
    [4/13] SpawnAndDestroy.init.gen.cpp
    [5/13] SpawnAndDestroyGameModeBase.cpp
    [6/13] TeddyBear.gen.cpp
    [7/13] TeddyBearManager.gen.cpp
    [8/13] SpawnAndDestroyGameModeBase.gen.cpp
    [9/13] TeddyBear.cpp
    [10/13] TeddyBearManager.cpp
    [11/13] UE4Editor-SpawnAndDestroy.lib
       Creating library C:\Users\timch\Documents\Unreal Projects\SpawnAndDestroy\Intermediate\Build\Win64\UE4Editor\Development\SpawnAndDestroy\UE4Editor-SpawnAndDestroy.lib and object C:\Users\timch\Documents\Unreal Projects\SpawnAndDestroy\Intermediate\Build\Win64\UE4Editor\Development\SpawnAndDestroy\UE4Editor-SpawnAndDestroy.exp
    [12/13] UE4Editor-SpawnAndDestroy.dll
       Creating library C:\Users\timch\Documents\Unreal Projects\SpawnAndDestroy\Intermediate\Build\Win64\UE4Editor\Development\SpawnAndDestroy\UE4Editor-SpawnAndDestroy.suppressed.lib and object C:\Users\timch\Documents\Unreal Projects\SpawnAndDestroy\Intermediate\Build\Win64\UE4Editor\Development\SpawnAndDestroy\UE4Editor-SpawnAndDestroy.suppressed.exp
    [13/13] SpawnAndDestroyEditor.target
  Total time in Parallel executor: 28.19 seconds
  Total execution time: 50.08 seconds
